# JRE version: Java(TM) SE Runtime Environment (13.0.2+8) (build 13.0.2+8)
# Java VM: Java HotSpot(TM) 64-Bit Server VM (13.0.2+8, mixed mode, sharing, tiered, compressed oops, g1 gc, windows-amd64)
Heap:
 garbage-first heap   total 281600K, used 165230K [0x0000000080000000, 0x0000000100000000)
  region size 1024K, 30 young (30720K), 7 survivors (7168K)
 Metaspace       used 83282K, capacity 85701K, committed 86172K, reserved 1124352K
  class space    used 11155K, capacity 12057K, committed 12236K, reserved 1048576K
GC Heap History (20 events):
Event: 11.943 GC heap before
{Heap before GC invocations=27 (full 0):
 garbage-first heap   total 153600K, used 115009K [0x0000000080000000, 0x0000000100000000)
  region size 1024K, 39 young (39936K), 3 survivors (3072K)
 Metaspace       used 65836K, capacity 67814K, committed 67868K, reserved 1107968K
  class space    used 8862K, capacity 9534K, committed 9548K, reserved 1048576K
}
Event: 11.950 GC heap after
{Heap after GC invocations=28 (full 0):
 garbage-first heap   total 153600K, used 81013K [0x0000000080000000, 0x0000000100000000)
  region size 1024K, 5 young (5120K), 5 survivors (5120K)
 Metaspace       used 65836K, capacity 67814K, committed 67868K, reserved 1107968K
  class space    used 8862K, capacity 9534K, committed 9548K, reserved 1048576K
}
Event: 12.578 GC heap before
{Heap before GC invocations=29 (full 0):
 garbage-first heap   total 153600K, used 116853K [0x0000000080000000, 0x0000000100000000)
  region size 1024K, 41 young (41984K), 5 survivors (5120K)
 Metaspace       used 67860K, capacity 69644K, committed 70300K, reserved 1110016K
  class space    used 9069K, capacity 9671K, committed 9932K, reserved 1048576K
}
Event: 12.584 GC heap after
{Heap after GC invocations=30 (full 0):
 garbage-first heap   total 153600K, used 82577K [0x0000000080000000, 0x0000000100000000)
  region size 1024K, 4 young (4096K), 4 survivors (4096K)
 Metaspace       used 67860K, capacity 69644K, committed 70300K, reserved 1110016K
  class space    used 9069K, capacity 9671K, committed 9932K, reserved 1048576K
}
Event: 15.002 GC heap before
{Heap before GC invocations=30 (full 0):
 garbage-first heap   total 153600K, used 120465K [0x0000000080000000, 0x0000000100000000)
  region size 1024K, 41 young (41984K), 4 survivors (4096K)
 Metaspace       used 70240K, capacity 72138K, committed 72604K, reserved 1112064K
  class space    used 9345K, capacity 9972K, committed 10188K, reserved 1048576K
}
Event: 15.017 GC heap after
{Heap after GC invocations=31 (full 0):
 garbage-first heap   total 184320K, used 87481K [0x0000000080000000, 0x0000000100000000)
  region size 1024K, 6 young (6144K), 6 survivors (6144K)
 Metaspace       used 70240K, capacity 72138K, committed 72604K, reserved 1112064K
  class space    used 9345K, capacity 9972K, committed 10188K, reserved 1048576K
}
Event: 15.698 GC heap before
{Heap before GC invocations=32 (full 0):
 garbage-first heap   total 184320K, used 136633K [0x0000000080000000, 0x0000000100000000)
  region size 1024K, 55 young (56320K), 6 survivors (6144K)
 Metaspace       used 72878K, capacity 74683K, committed 75164K, reserved 1114112K
  class space    used 9652K, capacity 10280K, committed 10444K, reserved 1048576K
}
Event: 15.706 GC heap after
{Heap after GC invocations=33 (full 0):
 garbage-first heap   total 184320K, used 88986K [0x0000000080000000, 0x0000000100000000)
  region size 1024K, 4 young (4096K), 4 survivors (4096K)
 Metaspace       used 72878K, capacity 74683K, committed 75164K, reserved 1114112K
  class space    used 9652K, capacity 10280K, committed 10444K, reserved 1048576K
}
Event: 16.290 GC heap before
{Heap before GC invocations=33 (full 0):
 garbage-first heap   total 184320K, used 138138K [0x0000000080000000, 0x0000000100000000)
  region size 1024K, 53 young (54272K), 4 survivors (4096K)
 Metaspace       used 73947K, capacity 75815K, committed 76060K, reserved 1114112K
  class space    used 9784K, capacity 10424K, committed 10572K, reserved 1048576K
}
Event: 16.300 GC heap after
{Heap after GC invocations=34 (full 0):
 garbage-first heap   total 184320K, used 91259K [0x0000000080000000, 0x0000000100000000)
  region size 1024K, 6 young (6144K), 6 survivors (6144K)
 Metaspace       used 73947K, capacity 75815K, committed 76060K, reserved 1114112K
  class space    used 9784K, capacity 10424K, committed 10572K, reserved 1048576K
}
Event: 16.544 GC heap before
{Heap before GC invocations=35 (full 0):
 garbage-first heap   total 184320K, used 96379K [0x0000000080000000, 0x0000000100000000)
  region size 1024K, 12 young (12288K), 6 survivors (6144K)
 Metaspace       used 74484K, capacity 76383K, committed 76572K, reserved 1116160K
  class space    used 9855K, capacity 10504K, committed 10572K, reserved 1048576K
}
Event: 16.553 GC heap after
{Heap after GC invocations=36 (full 0):
 garbage-first heap   total 184320K, used 91736K [0x0000000080000000, 0x0000000100000000)
  region size 1024K, 4 young (4096K), 4 survivors (4096K)
 Metaspace       used 74484K, capacity 76383K, committed 76572K, reserved 1116160K
  class space    used 9855K, capacity 10504K, committed 10572K, reserved 1048576K
}
Event: 16.821 GC heap before
{Heap before GC invocations=37 (full 0):
 garbage-first heap   total 184320K, used 101976K [0x0000000080000000, 0x0000000100000000)
  region size 1024K, 14 young (14336K), 4 survivors (4096K)
 Metaspace       used 75611K, capacity 77547K, committed 77724K, reserved 1116160K
  class space    used 10019K, capacity 10668K, committed 10700K, reserved 1048576K
}
Event: 16.827 GC heap after
{Heap after GC invocations=38 (full 0):
 garbage-first heap   total 184320K, used 92447K [0x0000000080000000, 0x0000000100000000)
  region size 1024K, 4 young (4096K), 4 survivors (4096K)
 Metaspace       used 75611K, capacity 77547K, committed 77724K, reserved 1116160K
  class space    used 10019K, capacity 10668K, committed 10700K, reserved 1048576K
}
Event: 17.089 GC heap before
{Heap before GC invocations=39 (full 0):
 garbage-first heap   total 188416K, used 121119K [0x0000000080000000, 0x0000000100000000)
  region size 1024K, 25 young (25600K), 4 survivors (4096K)
 Metaspace       used 77346K, capacity 79375K, committed 79516K, reserved 1118208K
  class space    used 10260K, capacity 10940K, committed 10956K, reserved 1048576K
}
Event: 17.099 GC heap after
{Heap after GC invocations=40 (full 0):
 garbage-first heap   total 188416K, used 107762K [0x0000000080000000, 0x0000000100000000)
  region size 1024K, 7 young (7168K), 7 survivors (7168K)
 Metaspace       used 77346K, capacity 79375K, committed 79516K, reserved 1118208K
  class space    used 10260K, capacity 10940K, committed 10956K, reserved 1048576K
}
Event: 17.362 GC heap before
{Heap before GC invocations=41 (full 0):
 garbage-first heap   total 254976K, used 162034K [0x0000000080000000, 0x0000000100000000)
  region size 1024K, 43 young (44032K), 7 survivors (7168K)
 Metaspace       used 78981K, capacity 80998K, committed 81052K, reserved 1120256K
  class space    used 10480K, capacity 11181K, committed 11212K, reserved 1048576K
}
Event: 17.377 GC heap after
{Heap after GC invocations=42 (full 0):
 garbage-first heap   total 254976K, used 129219K [0x0000000080000000, 0x0000000100000000)
  region size 1024K, 6 young (6144K), 6 survivors (6144K)
 Metaspace       used 78981K, capacity 80998K, committed 81052K, reserved 1120256K
  class space    used 10480K, capacity 11181K, committed 11212K, reserved 1048576K
}
Event: 17.710 GC heap before
{Heap before GC invocations=42 (full 0):
 garbage-first heap   total 254976K, used 179395K [0x0000000080000000, 0x0000000100000000)
  region size 1024K, 56 young (57344K), 6 survivors (6144K)
 Metaspace       used 82432K, capacity 84873K, committed 85148K, reserved 1122304K
  class space    used 11069K, capacity 11955K, committed 11980K, reserved 1048576K
}
Event: 17.741 GC heap after
{Heap after GC invocations=43 (full 0):
 garbage-first heap   total 254976K, used 142702K [0x0000000080000000, 0x0000000100000000)
  region size 1024K, 7 young (7168K), 7 survivors (7168K)
 Metaspace       used 82432K, capacity 84873K, committed 85148K, reserved 1122304K
  class space    used 11069K, capacity 11955K, committed 11980K, reserved 1048576K
}

