# JRE version: Java(TM) SE Runtime Environment (13.0.2+8) (build 13.0.2+8)
# Java VM: Java HotSpot(TM) 64-Bit Server VM (13.0.2+8, mixed mode, sharing, tiered, compressed oops, g1 gc, windows-amd64)
Heap:
 garbage-first heap   total 254976K, used 150517K [0x0000000080000000, 0x0000000100000000)
  region size 1024K, 22 young (22528K), 5 survivors (5120K)
 Metaspace       used 80309K, capacity 82581K, committed 82896K, reserved 1120256K
  class space    used 10834K, capacity 11677K, committed 11776K, reserved 1048576K
GC Heap History (20 events):
Event: 12.083 GC heap before
{Heap before GC invocations=24 (full 0):
 garbage-first heap   total 147456K, used 108098K [0x0000000080000000, 0x0000000100000000)
  region size 1024K, 38 young (38912K), 4 survivors (4096K)
 Metaspace       used 64838K, capacity 66613K, committed 66640K, reserved 1105920K
  class space    used 8729K, capacity 9332K, committed 9344K, reserved 1048576K
}
Event: 12.092 GC heap after
{Heap after GC invocations=25 (full 0):
 garbage-first heap   total 147456K, used 76945K [0x0000000080000000, 0x0000000100000000)
  region size 1024K, 4 young (4096K), 4 survivors (4096K)
 Metaspace       used 64838K, capacity 66613K, committed 66640K, reserved 1105920K
  class space    used 8729K, capacity 9332K, committed 9344K, reserved 1048576K
}
Event: 12.706 GC heap before
{Heap before GC invocations=26 (full 0):
 garbage-first heap   total 147456K, used 110737K [0x0000000080000000, 0x0000000100000000)
  region size 1024K, 38 young (38912K), 4 survivors (4096K)
 Metaspace       used 65590K, capacity 67457K, committed 67536K, reserved 1107968K
  class space    used 8814K, capacity 9456K, committed 9472K, reserved 1048576K
}
Event: 12.713 GC heap after
{Heap after GC invocations=27 (full 0):
 garbage-first heap   total 147456K, used 79262K [0x0000000080000000, 0x0000000100000000)
  region size 1024K, 3 young (3072K), 3 survivors (3072K)
 Metaspace       used 65590K, capacity 67457K, committed 67536K, reserved 1107968K
  class space    used 8814K, capacity 9456K, committed 9472K, reserved 1048576K
}
Event: 13.114 GC heap before
{Heap before GC invocations=27 (full 0):
 garbage-first heap   total 147456K, used 113054K [0x0000000080000000, 0x0000000100000000)
  region size 1024K, 37 young (37888K), 3 survivors (3072K)
 Metaspace       used 65860K, capacity 67731K, committed 67920K, reserved 1107968K
  class space    used 8833K, capacity 9496K, committed 9600K, reserved 1048576K
}
Event: 13.121 GC heap after
{Heap after GC invocations=28 (full 0):
 garbage-first heap   total 147456K, used 81276K [0x0000000080000000, 0x0000000100000000)
  region size 1024K, 5 young (5120K), 5 survivors (5120K)
 Metaspace       used 65860K, capacity 67731K, committed 67920K, reserved 1107968K
  class space    used 8833K, capacity 9496K, committed 9600K, reserved 1048576K
}
Event: 13.924 GC heap before
{Heap before GC invocations=29 (full 0):
 garbage-first heap   total 147456K, used 115068K [0x0000000080000000, 0x0000000100000000)
  region size 1024K, 39 young (39936K), 5 survivors (5120K)
 Metaspace       used 68671K, capacity 70422K, committed 70864K, reserved 1110016K
  class space    used 9175K, capacity 9760K, committed 9984K, reserved 1048576K
}
Event: 13.932 GC heap after
{Heap after GC invocations=30 (full 0):
 garbage-first heap   total 177152K, used 82577K [0x0000000080000000, 0x0000000100000000)
  region size 1024K, 4 young (4096K), 4 survivors (4096K)
 Metaspace       used 68671K, capacity 70422K, committed 70864K, reserved 1110016K
  class space    used 9175K, capacity 9760K, committed 9984K, reserved 1048576K
}
Event: 14.742 GC heap before
{Heap before GC invocations=30 (full 0):
 garbage-first heap   total 177152K, used 129681K [0x0000000080000000, 0x0000000100000000)
  region size 1024K, 51 young (52224K), 4 survivors (4096K)
 Metaspace       used 70983K, capacity 72723K, committed 73168K, reserved 1112064K
  class space    used 9458K, capacity 10076K, committed 10240K, reserved 1048576K
}
Event: 14.753 GC heap after
{Heap after GC invocations=31 (full 0):
 garbage-first heap   total 177152K, used 86158K [0x0000000080000000, 0x0000000100000000)
  region size 1024K, 7 young (7168K), 7 survivors (7168K)
 Metaspace       used 70983K, capacity 72723K, committed 73168K, reserved 1112064K
  class space    used 9458K, capacity 10076K, committed 10240K, reserved 1048576K
}
Event: 15.423 GC heap before
{Heap before GC invocations=32 (full 0):
 garbage-first heap   total 177152K, used 118926K [0x0000000080000000, 0x0000000100000000)
  region size 1024K, 41 young (41984K), 7 survivors (7168K)
 Metaspace       used 72838K, capacity 74737K, committed 74832K, reserved 1114112K
  class space    used 9688K, capacity 10332K, committed 10368K, reserved 1048576K
}
Event: 15.434 GC heap after
{Heap after GC invocations=33 (full 0):
 garbage-first heap   total 177152K, used 87891K [0x0000000080000000, 0x0000000100000000)
  region size 1024K, 2 young (2048K), 2 survivors (2048K)
 Metaspace       used 72838K, capacity 74737K, committed 74832K, reserved 1114112K
  class space    used 9688K, capacity 10332K, committed 10368K, reserved 1048576K
}
Event: 15.674 GC heap before
{Heap before GC invocations=34 (full 0):
 garbage-first heap   total 177152K, used 95059K [0x0000000080000000, 0x0000000100000000)
  region size 1024K, 9 young (9216K), 2 survivors (2048K)
 Metaspace       used 73632K, capacity 75572K, committed 75728K, reserved 1114112K
  class space    used 9809K, capacity 10449K, committed 10496K, reserved 1048576K
}
Event: 15.682 GC heap after
{Heap after GC invocations=35 (full 0):
 garbage-first heap   total 177152K, used 88641K [0x0000000080000000, 0x0000000100000000)
  region size 1024K, 3 young (3072K), 3 survivors (3072K)
 Metaspace       used 73632K, capacity 75572K, committed 75728K, reserved 1114112K
  class space    used 9809K, capacity 10449K, committed 10496K, reserved 1048576K
}
Event: 15.904 GC heap before
{Heap before GC invocations=36 (full 0):
 garbage-first heap   total 177152K, used 109121K [0x0000000080000000, 0x0000000100000000)
  region size 1024K, 17 young (17408K), 3 survivors (3072K)
 Metaspace       used 74405K, capacity 76354K, committed 76624K, reserved 1116160K
  class space    used 9895K, capacity 10559K, committed 10624K, reserved 1048576K
}
Event: 15.912 GC heap after
{Heap after GC invocations=37 (full 0):
 garbage-first heap   total 212992K, used 100777K [0x0000000080000000, 0x0000000100000000)
  region size 1024K, 5 young (5120K), 5 survivors (5120K)
 Metaspace       used 74405K, capacity 76354K, committed 76624K, reserved 1116160K
  class space    used 9895K, capacity 10559K, committed 10624K, reserved 1048576K
}
Event: 16.239 GC heap before
{Heap before GC invocations=38 (full 0):
 garbage-first heap   total 212992K, used 162217K [0x0000000080000000, 0x0000000100000000)
  region size 1024K, 47 young (48128K), 5 survivors (5120K)
 Metaspace       used 77161K, capacity 79210K, committed 79312K, reserved 1118208K
  class space    used 10299K, capacity 10981K, committed 11008K, reserved 1048576K
}
Event: 16.252 GC heap after
{Heap after GC invocations=39 (full 0):
 garbage-first heap   total 212992K, used 124271K [0x0000000080000000, 0x0000000100000000)
  region size 1024K, 6 young (6144K), 6 survivors (6144K)
 Metaspace       used 77161K, capacity 79210K, committed 79312K, reserved 1118208K
  class space    used 10299K, capacity 10981K, committed 11008K, reserved 1048576K
}
Event: 16.472 GC heap before
{Heap before GC invocations=39 (full 0):
 garbage-first heap   total 212992K, used 157039K [0x0000000080000000, 0x0000000100000000)
  region size 1024K, 39 young (39936K), 6 survivors (6144K)
 Metaspace       used 79931K, capacity 82191K, committed 82256K, reserved 1120256K
  class space    used 10789K, capacity 11631K, committed 11648K, reserved 1048576K
}
Event: 16.488 GC heap after
{Heap after GC invocations=40 (full 0):
 garbage-first heap   total 212992K, used 133109K [0x0000000080000000, 0x0000000100000000)
  region size 1024K, 5 young (5120K), 5 survivors (5120K)
 Metaspace       used 79931K, capacity 82191K, committed 82256K, reserved 1120256K
  class space    used 10789K, capacity 11631K, committed 11648K, reserved 1048576K
}

