# JRE version: Java(TM) SE Runtime Environment (13.0.2+8) (build 13.0.2+8)
# Java VM: Java HotSpot(TM) 64-Bit Server VM (13.0.2+8, mixed mode, sharing, tiered, compressed oops, g1 gc, windows-amd64)
Heap:
 garbage-first heap   total 500736K, used 445980K [0x0000000080000000, 0x0000000100000000)
  region size 1024K, 285 young (291840K), 32 survivors (32768K)
 Metaspace       used 127473K, capacity 132275K, committed 132352K, reserved 1165312K
  class space    used 15769K, capacity 17375K, committed 17408K, reserved 1048576K
GC Heap History (20 events):
Event: 2587.135 GC heap after
{Heap after GC invocations=135 (full 0):
 garbage-first heap   total 306176K, used 143730K [0x0000000080000000, 0x0000000100000000)
  region size 1024K, 7 young (7168K), 7 survivors (7168K)
 Metaspace       used 125502K, capacity 130211K, committed 130432K, reserved 1163264K
  class space    used 15650K, capacity 17273K, committed 17280K, reserved 1048576K
}
Event: 2587.549 GC heap before
{Heap before GC invocations=136 (full 0):
 garbage-first heap   total 336896K, used 238962K [0x0000000080000000, 0x0000000100000000)
  region size 1024K, 99 young (101376K), 7 survivors (7168K)
 Metaspace       used 125576K, capacity 130282K, committed 130432K, reserved 1163264K
  class space    used 15650K, capacity 17273K, committed 17280K, reserved 1048576K
}
Event: 2587.564 GC heap after
{Heap after GC invocations=137 (full 0):
 garbage-first heap   total 336896K, used 151096K [0x0000000080000000, 0x0000000100000000)
  region size 1024K, 12 young (12288K), 12 survivors (12288K)
 Metaspace       used 125576K, capacity 130282K, committed 130432K, reserved 1163264K
  class space    used 15650K, capacity 17273K, committed 17280K, reserved 1048576K
}
Event: 2587.915 GC heap before
{Heap before GC invocations=137 (full 0):
 garbage-first heap   total 336896K, used 260664K [0x0000000080000000, 0x0000000100000000)
  region size 1024K, 119 young (121856K), 12 survivors (12288K)
 Metaspace       used 125890K, capacity 130489K, committed 130688K, reserved 1163264K
  class space    used 15677K, capacity 17276K, committed 17280K, reserved 1048576K
}
Event: 2587.948 GC heap after
{Heap after GC invocations=138 (full 0):
 garbage-first heap   total 336896K, used 153385K [0x0000000080000000, 0x0000000100000000)
  region size 1024K, 10 young (10240K), 10 survivors (10240K)
 Metaspace       used 125890K, capacity 130489K, committed 130688K, reserved 1163264K
  class space    used 15677K, capacity 17276K, committed 17280K, reserved 1048576K
}
Event: 2588.590 GC heap before
{Heap before GC invocations=139 (full 0):
 garbage-first heap   total 336896K, used 267049K [0x0000000080000000, 0x0000000100000000)
  region size 1024K, 120 young (122880K), 10 survivors (10240K)
 Metaspace       used 126830K, capacity 131497K, committed 131584K, reserved 1163264K
  class space    used 15742K, capacity 17353K, committed 17408K, reserved 1048576K
}
Event: 2588.607 GC heap after
{Heap after GC invocations=140 (full 0):
 garbage-first heap   total 336896K, used 157954K [0x0000000080000000, 0x0000000100000000)
  region size 1024K, 7 young (7168K), 7 survivors (7168K)
 Metaspace       used 126830K, capacity 131497K, committed 131584K, reserved 1163264K
  class space    used 15742K, capacity 17353K, committed 17408K, reserved 1048576K
}
Event: 2588.948 GC heap before
{Heap before GC invocations=140 (full 0):
 garbage-first heap   total 336896K, used 270594K [0x0000000080000000, 0x0000000100000000)
  region size 1024K, 118 young (120832K), 7 survivors (7168K)
 Metaspace       used 126929K, capacity 131634K, committed 131840K, reserved 1163264K
  class space    used 15748K, capacity 17354K, committed 17408K, reserved 1048576K
}
Event: 2588.961 GC heap after
{Heap after GC invocations=141 (full 0):
 garbage-first heap   total 481280K, used 154324K [0x0000000080000000, 0x0000000100000000)
  region size 1024K, 6 young (6144K), 6 survivors (6144K)
 Metaspace       used 126929K, capacity 131634K, committed 131840K, reserved 1163264K
  class space    used 15748K, capacity 17354K, committed 17408K, reserved 1048576K
}
Event: 2590.044 GC heap before
{Heap before GC invocations=142 (full 0):
 garbage-first heap   total 481280K, used 365268K [0x0000000080000000, 0x0000000100000000)
  region size 1024K, 212 young (217088K), 6 survivors (6144K)
 Metaspace       used 126973K, capacity 131710K, committed 131840K, reserved 1163264K
  class space    used 15749K, capacity 17356K, committed 17408K, reserved 1048576K
}
Event: 2590.071 GC heap after
{Heap after GC invocations=143 (full 0):
 garbage-first heap   total 481280K, used 154097K [0x0000000080000000, 0x0000000100000000)
  region size 1024K, 5 young (5120K), 5 survivors (5120K)
 Metaspace       used 126973K, capacity 131710K, committed 131840K, reserved 1163264K
  class space    used 15749K, capacity 17356K, committed 17408K, reserved 1048576K
}
Event: 2591.955 GC heap before
{Heap before GC invocations=143 (full 0):
 garbage-first heap   total 481280K, used 410097K [0x0000000080000000, 0x0000000100000000)
  region size 1024K, 255 young (261120K), 5 survivors (5120K)
 Metaspace       used 127002K, capacity 131774K, committed 131840K, reserved 1163264K
  class space    used 15750K, capacity 17356K, committed 17408K, reserved 1048576K
}
Event: 2591.982 GC heap after
{Heap after GC invocations=144 (full 0):
 garbage-first heap   total 481280K, used 156079K [0x0000000080000000, 0x0000000100000000)
  region size 1024K, 7 young (7168K), 7 survivors (7168K)
 Metaspace       used 127002K, capacity 131774K, committed 131840K, reserved 1163264K
  class space    used 15750K, capacity 17356K, committed 17408K, reserved 1048576K
}
Event: 2593.779 GC heap before
{Heap before GC invocations=145 (full 0):
 garbage-first heap   total 481280K, used 409007K [0x0000000080000000, 0x0000000100000000)
  region size 1024K, 255 young (261120K), 7 survivors (7168K)
 Metaspace       used 127155K, capacity 131914K, committed 132096K, reserved 1163264K
  class space    used 15753K, capacity 17356K, committed 17408K, reserved 1048576K
}
Event: 2593.797 GC heap after
{Heap after GC invocations=146 (full 0):
 garbage-first heap   total 481280K, used 156733K [0x0000000080000000, 0x0000000100000000)
  region size 1024K, 8 young (8192K), 8 survivors (8192K)
 Metaspace       used 127155K, capacity 131914K, committed 132096K, reserved 1163264K
  class space    used 15753K, capacity 17356K, committed 17408K, reserved 1048576K
}
Event: 2594.419 GC heap before
{Heap before GC invocations=147 (full 0):
 garbage-first heap   total 481280K, used 188477K [0x0000000080000000, 0x0000000100000000)
  region size 1024K, 40 young (40960K), 8 survivors (8192K)
 Metaspace       used 127191K, capacity 131933K, committed 132096K, reserved 1163264K
  class space    used 15753K, capacity 17356K, committed 17408K, reserved 1048576K
}
Event: 2594.431 GC heap after
{Heap after GC invocations=148 (full 0):
 garbage-first heap   total 481280K, used 155379K [0x0000000080000000, 0x0000000100000000)
  region size 1024K, 7 young (7168K), 7 survivors (7168K)
 Metaspace       used 127191K, capacity 131933K, committed 132096K, reserved 1163264K
  class space    used 15753K, capacity 17356K, committed 17408K, reserved 1048576K
}
Event: 2596.779 GC heap before
{Heap before GC invocations=149 (full 0):
 garbage-first heap   total 481280K, used 164595K [0x0000000080000000, 0x0000000100000000)
  region size 1024K, 16 young (16384K), 7 survivors (7168K)
 Metaspace       used 127257K, capacity 131982K, committed 132096K, reserved 1163264K
  class space    used 15760K, capacity 17369K, committed 17408K, reserved 1048576K
}
Event: 2596.793 GC heap after
{Heap after GC invocations=150 (full 0):
 garbage-first heap   total 481280K, used 152092K [0x0000000080000000, 0x0000000100000000)
  region size 1024K, 3 young (3072K), 3 survivors (3072K)
 Metaspace       used 127257K, capacity 131982K, committed 132096K, reserved 1163264K
  class space    used 15760K, capacity 17369K, committed 17408K, reserved 1048576K
}
Event: 2599.145 GC heap before
{Heap before GC invocations=151 (full 0):
 garbage-first heap   total 481280K, used 444956K [0x0000000080000000, 0x0000000100000000)
  region size 1024K, 256 young (262144K), 3 survivors (3072K)
 Metaspace       used 127473K, capacity 132275K, committed 132352K, reserved 1165312K
  class space    used 15769K, capacity 17375K, committed 17408K, reserved 1048576K
}

