# JRE version: Java(TM) SE Runtime Environment (13.0.2+8) (build 13.0.2+8)
# Java VM: Java HotSpot(TM) 64-Bit Server VM (13.0.2+8, mixed mode, sharing, tiered, compressed oops, g1 gc, windows-amd64)
Heap:
 garbage-first heap   total 234496K, used 137863K [0x0000000080000000, 0x0000000100000000)
  region size 1024K, 20 young (20480K), 7 survivors (7168K)
 Metaspace       used 84684K, capacity 86938K, committed 87068K, reserved 1124352K
  class space    used 10946K, capacity 11727K, committed 11852K, reserved 1048576K
GC Heap History (20 events):
Event: 12.571 GC heap before
{Heap before GC invocations=26 (full 0):
 garbage-first heap   total 155648K, used 118028K [0x0000000080000000, 0x0000000100000000)
  region size 1024K, 43 young (44032K), 3 survivors (3072K)
 Metaspace       used 66363K, capacity 68365K, committed 68508K, reserved 1107968K
  class space    used 8938K, capacity 9645K, committed 9676K, reserved 1048576K
}
Event: 12.578 GC heap after
{Heap after GC invocations=27 (full 0):
 garbage-first heap   total 155648K, used 80030K [0x0000000080000000, 0x0000000100000000)
  region size 1024K, 5 young (5120K), 5 survivors (5120K)
 Metaspace       used 66363K, capacity 68365K, committed 68508K, reserved 1107968K
  class space    used 8938K, capacity 9645K, committed 9676K, reserved 1048576K
}
Event: 13.233 GC heap before
{Heap before GC invocations=28 (full 0):
 garbage-first heap   total 155648K, used 120990K [0x0000000080000000, 0x0000000100000000)
  region size 1024K, 46 young (47104K), 5 survivors (5120K)
 Metaspace       used 69640K, capacity 71431K, committed 72348K, reserved 1112064K
  class space    used 9271K, capacity 9859K, committed 10188K, reserved 1048576K
}
Event: 13.240 GC heap after
{Heap after GC invocations=29 (full 0):
 garbage-first heap   total 187392K, used 81144K [0x0000000080000000, 0x0000000100000000)
  region size 1024K, 4 young (4096K), 4 survivors (4096K)
 Metaspace       used 69640K, capacity 71431K, committed 72348K, reserved 1112064K
  class space    used 9271K, capacity 9859K, committed 10188K, reserved 1048576K
}
Event: 25.275 GC heap before
{Heap before GC invocations=29 (full 0):
 garbage-first heap   total 187392K, used 134392K [0x0000000080000000, 0x0000000100000000)
  region size 1024K, 57 young (58368K), 4 survivors (4096K)
 Metaspace       used 74895K, capacity 76856K, committed 77340K, reserved 1116160K
  class space    used 9708K, capacity 10330K, committed 10572K, reserved 1048576K
}
Event: 25.291 GC heap after
{Heap after GC invocations=30 (full 0):
 garbage-first heap   total 187392K, used 85730K [0x0000000080000000, 0x0000000100000000)
  region size 1024K, 8 young (8192K), 8 survivors (8192K)
 Metaspace       used 74895K, capacity 76856K, committed 77340K, reserved 1116160K
  class space    used 9708K, capacity 10330K, committed 10572K, reserved 1048576K
}
Event: 26.099 GC heap before
{Heap before GC invocations=30 (full 0):
 garbage-first heap   total 187392K, used 138978K [0x0000000080000000, 0x0000000100000000)
  region size 1024K, 61 young (62464K), 8 survivors (8192K)
 Metaspace       used 75356K, capacity 77264K, committed 77596K, reserved 1116160K
  class space    used 9711K, capacity 10335K, committed 10572K, reserved 1048576K
}
Event: 26.127 GC heap after
{Heap after GC invocations=31 (full 0):
 garbage-first heap   total 187392K, used 91198K [0x0000000080000000, 0x0000000100000000)
  region size 1024K, 6 young (6144K), 6 survivors (6144K)
 Metaspace       used 75356K, capacity 77264K, committed 77596K, reserved 1116160K
  class space    used 9711K, capacity 10335K, committed 10572K, reserved 1048576K
}
Event: 28.287 GC heap before
{Heap before GC invocations=31 (full 0):
 garbage-first heap   total 187392K, used 142398K [0x0000000080000000, 0x0000000100000000)
  region size 1024K, 57 young (58368K), 6 survivors (6144K)
 Metaspace       used 76398K, capacity 78362K, committed 78620K, reserved 1118208K
  class space    used 9800K, capacity 10443K, committed 10572K, reserved 1048576K
}
Event: 28.304 GC heap after
{Heap after GC invocations=32 (full 0):
 garbage-first heap   total 187392K, used 94269K [0x0000000080000000, 0x0000000100000000)
  region size 1024K, 4 young (4096K), 4 survivors (4096K)
 Metaspace       used 76398K, capacity 78362K, committed 78620K, reserved 1118208K
  class space    used 9800K, capacity 10443K, committed 10572K, reserved 1048576K
}
Event: 29.012 GC heap before
{Heap before GC invocations=33 (full 0):
 garbage-first heap   total 187392K, used 145469K [0x0000000080000000, 0x0000000100000000)
  region size 1024K, 55 young (56320K), 4 survivors (4096K)
 Metaspace       used 78795K, capacity 80788K, committed 81052K, reserved 1120256K
  class space    used 10106K, capacity 10781K, committed 10956K, reserved 1048576K
}
Event: 29.017 GC heap after
{Heap after GC invocations=34 (full 0):
 garbage-first heap   total 187392K, used 95743K [0x0000000080000000, 0x0000000100000000)
  region size 1024K, 5 young (5120K), 5 survivors (5120K)
 Metaspace       used 78795K, capacity 80788K, committed 81052K, reserved 1120256K
  class space    used 10106K, capacity 10781K, committed 10956K, reserved 1048576K
}
Event: 29.104 GC heap before
{Heap before GC invocations=34 (full 0):
 garbage-first heap   total 187392K, used 98815K [0x0000000080000000, 0x0000000100000000)
  region size 1024K, 9 young (9216K), 5 survivors (5120K)
 Metaspace       used 78839K, capacity 80793K, committed 81052K, reserved 1120256K
  class space    used 10109K, capacity 10783K, committed 10956K, reserved 1048576K
}
Event: 29.140 GC heap after
{Heap after GC invocations=35 (full 0):
 garbage-first heap   total 187392K, used 88212K [0x0000000080000000, 0x0000000100000000)
  region size 1024K, 1 young (1024K), 1 survivors (1024K)
 Metaspace       used 78839K, capacity 80793K, committed 81052K, reserved 1120256K
  class space    used 10109K, capacity 10783K, committed 10956K, reserved 1048576K
}
Event: 29.955 GC heap before
{Heap before GC invocations=35 (full 0):
 garbage-first heap   total 187392K, used 127124K [0x0000000080000000, 0x0000000100000000)
  region size 1024K, 41 young (41984K), 1 survivors (1024K)
 Metaspace       used 80161K, capacity 82210K, committed 82460K, reserved 1120256K
  class space    used 10286K, capacity 10989K, committed 11084K, reserved 1048576K
}
Event: 29.962 GC heap after
{Heap after GC invocations=36 (full 0):
 garbage-first heap   total 187392K, used 89888K [0x0000000080000000, 0x0000000100000000)
  region size 1024K, 3 young (3072K), 3 survivors (3072K)
 Metaspace       used 80161K, capacity 82210K, committed 82460K, reserved 1120256K
  class space    used 10286K, capacity 10989K, committed 11084K, reserved 1048576K
}
Event: 30.250 GC heap before
{Heap before GC invocations=37 (full 0):
 garbage-first heap   total 187392K, used 127776K [0x0000000080000000, 0x0000000100000000)
  region size 1024K, 31 young (31744K), 3 survivors (3072K)
 Metaspace       used 82560K, capacity 84731K, committed 84892K, reserved 1122304K
  class space    used 10641K, capacity 11377K, committed 11468K, reserved 1048576K
}
Event: 30.261 GC heap after
{Heap after GC invocations=38 (full 0):
 garbage-first heap   total 187392K, used 105948K [0x0000000080000000, 0x0000000100000000)
  region size 1024K, 8 young (8192K), 8 survivors (8192K)
 Metaspace       used 82560K, capacity 84731K, committed 84892K, reserved 1122304K
  class space    used 10641K, capacity 11377K, committed 11468K, reserved 1048576K
}
Event: 30.467 GC heap before
{Heap before GC invocations=39 (full 0):
 garbage-first heap   total 215040K, used 135644K [0x0000000080000000, 0x0000000100000000)
  region size 1024K, 29 young (29696K), 8 survivors (8192K)
 Metaspace       used 83415K, capacity 85592K, committed 85788K, reserved 1124352K
  class space    used 10755K, capacity 11493K, committed 11596K, reserved 1048576K
}
Event: 30.497 GC heap after
{Heap after GC invocations=40 (full 0):
 garbage-first heap   total 215040K, used 118407K [0x0000000080000000, 0x0000000100000000)
  region size 1024K, 7 young (7168K), 7 survivors (7168K)
 Metaspace       used 83415K, capacity 85592K, committed 85788K, reserved 1124352K
  class space    used 10755K, capacity 11493K, committed 11596K, reserved 1048576K
}

